<?xml version="1.0" encoding="UTF-8"?>
<testng-results ignored="0" total="1" passed="1" failed="0" skipped="0">
  <reporter-output>
  </reporter-output>
  <suite started-at="2021-08-11T18:40:06 BST" name="Default suite" finished-at="2021-08-11T18:40:31 BST" duration-ms="24078">
    <groups>
    </groups>
    <test started-at="2021-08-11T18:40:06 BST" name="Default test" finished-at="2021-08-11T18:40:31 BST" duration-ms="24078">
      <class name="yatraTests.yatraTestCases">
        <test-method signature="yatratest()[pri:0, instance:yatraTests.yatraTestCases@13c10b87]" started-at="2021-08-11T18:40:07 BST" name="yatratest" finished-at="2021-08-11T18:40:31 BST" duration-ms="24045" status="PASS">
          <reporter-output>
          </reporter-output>
        </test-method> <!-- yatratest -->
      </class> <!-- yatraTests.yatraTestCases -->
    </test> <!-- Default test -->
  </suite> <!-- Default suite -->
</testng-results>
